  Building Custom Rule C:/Users/c3012795/TeamProject/CSC8508-2023/NCLCoreClasses/CMakeLists.txt
  cmake_pch.cxx
  Assets.cpp
  SimpleFont.cpp
  TextureLoader.cpp
  TextureWriter.cpp
  Maths.cpp
  Matrix2.cpp
  Matrix3.cpp
  Matrix4.cpp
  Plane.cpp
  Frustum.cpp
  Quaternion.cpp
  Vector2.cpp
  Vector3.cpp
  Vector4.cpp
  Vector2i.cpp
  Vector3I.cpp
  Vector4I.cpp
  MeshAnimation.cpp
  Mesh.cpp
  MshLoader.cpp
  Compiling...
  MeshMaterial.cpp
  RendererBase.cpp
  Shader.cpp
  Texture.cpp
  Camera.cpp
  GameTimer.cpp
  Keyboard.cpp
  Mouse.cpp
  Window.cpp
  Controller.cpp
  KeyboardMouseController.cpp
  Win32Keyboard.cpp
  Win32Mouse.cpp
  Win32Window.cpp
  NCLCoreClasses.vcxproj -> C:\Users\c3012795\TeamProject\CSC8508-2023\NCLCoreClasses\Release\NCLCoreClasses.lib
