c:\users\a8038295\source\repos\csc8508-2023\entrypoint\cmakefiles\generate.stamp
c:\users\a8038295\source\repos\csc8508-2023\entrypoint\cmakefiles\entrypoint.dir\debug\cmake_pch.hxx.pch
c:\users\a8038295\source\repos\csc8508-2023\entrypoint\entrypoint.dir\debug\main.o
c:\users\a8038295\source\repos\csc8508-2023\entrypoint\debug\entrypoint.elf
c:\users\a8038295\source\repos\csc8508-2023\assets\shaders\pssl\debugline_p.ags
c:\users\a8038295\source\repos\csc8508-2023\assets\shaders\pssl\debugline_vv.ags
c:\users\a8038295\source\repos\csc8508-2023\assets\shaders\pssl\debugtext_p.ags
c:\users\a8038295\source\repos\csc8508-2023\assets\shaders\pssl\debugtext_vv.ags
c:\users\a8038295\source\repos\csc8508-2023\assets\shaders\pssl\pixelshader_p.ags
c:\users\a8038295\source\repos\csc8508-2023\assets\shaders\pssl\shadow_p.ags
c:\users\a8038295\source\repos\csc8508-2023\assets\shaders\pssl\shadow_vv.ags
c:\users\a8038295\source\repos\csc8508-2023\assets\shaders\pssl\skybox_p.ags
c:\users\a8038295\source\repos\csc8508-2023\assets\shaders\pssl\skybox_vv.ags
c:\users\a8038295\source\repos\csc8508-2023\assets\shaders\pssl\tech_p.ags
c:\users\a8038295\source\repos\csc8508-2023\assets\shaders\pssl\tech_vv.ags
c:\users\a8038295\source\repos\csc8508-2023\assets\shaders\pssl\vertexshader_vv.ags
c:\users\a8038295\source\repos\csc8508-2023\assets\shaders\pssl\gamma_c.ags
c:\users\a8038295\source\repos\csc8508-2023\assets\shaders\pssl\skinning_c.ags
c:\users\a8038295\source\repos\csc8508-2023\entrypoint\entrypoint.dir\debug\entrypoint.tlog\custombuild.command.1.tlog
c:\users\a8038295\source\repos\csc8508-2023\entrypoint\entrypoint.dir\debug\entrypoint.tlog\custombuild.read.1.tlog
c:\users\a8038295\source\repos\csc8508-2023\entrypoint\entrypoint.dir\debug\entrypoint.tlog\custombuild.write.1.tlog
c:\users\a8038295\source\repos\csc8508-2023\entrypoint\entrypoint.dir\debug\entrypoint.tlog\prospero-clang-cl.command.1.tlog
c:\users\a8038295\source\repos\csc8508-2023\entrypoint\entrypoint.dir\debug\entrypoint.tlog\prospero-clang-cl.read.1.tlog
c:\users\a8038295\source\repos\csc8508-2023\entrypoint\entrypoint.dir\debug\entrypoint.tlog\prospero-clang-cl.write.1.tlog
c:\users\a8038295\source\repos\csc8508-2023\entrypoint\entrypoint.dir\debug\entrypoint.tlog\prospero-lld.command.1.tlog
c:\users\a8038295\source\repos\csc8508-2023\entrypoint\entrypoint.dir\debug\entrypoint.tlog\prospero-lld.read.1.tlog
c:\users\a8038295\source\repos\csc8508-2023\entrypoint\entrypoint.dir\debug\entrypoint.tlog\prospero-lld.write.1.tlog
c:\users\a8038295\source\repos\csc8508-2023\entrypoint\entrypoint.dir\debug\entrypoint.tlog\prospero-wave-psslc.command.1.tlog
c:\users\a8038295\source\repos\csc8508-2023\entrypoint\entrypoint.dir\debug\entrypoint.tlog\prospero-wave-psslc.read.1.tlog
c:\users\a8038295\source\repos\csc8508-2023\entrypoint\entrypoint.dir\debug\entrypoint.tlog\prospero-wave-psslc.write.1.tlog
c:\users\a8038295\source\repos\csc8508-2023\entrypoint\entrypoint.dir\debug\entrypoint.tlog\cmake_pch.hxx.pch.dep
