  main.cpp
  In file included from C:\Users\a8038295\source\repos\CSC8508-2023\EntryPoint\main.cpp:1:
  In file included from C:\Users\a8038295\source\repos\CSC8508-2023\EntryPoint/../CSC8503/GameStart.cpp:16:
  In file included from C:\Users\a8038295\source\repos\CSC8508-2023\CSC8503/GameSceneManager.h:3:
  In file included from C:\Users\a8038295\source\repos\CSC8508-2023\CSC8503/LevelManager.h:2:
  In file included from C:\Users\a8038295\source\repos\CSC8508-2023\CSC8503CoreClasses\Level.h:3:
  In file included from C:\Users\a8038295\source\repos\CSC8508-2023\CSC8503CoreClasses/PrisonDoor.h:3:
  In file included from C:\Users\a8038295\source\repos\CSC8508-2023\CSC8503CoreClasses/../CSC8503/SuspicionSystem/GlobalSuspicionMetre.h:2:
C:\Users\a8038295\source\repos\CSC8508-2023\CSC8503CoreClasses/../CSC8503/SuspicionSystem/SuspicionMetre.h(9,3): warning : 'const' is not permitted on a declaration of a type [-Wmissing-declarations]
                  const enum SusBreakpoint
                  ^
  In file included from C:\Users\a8038295\source\repos\CSC8508-2023\EntryPoint\main.cpp:1:
  In file included from C:\Users\a8038295\source\repos\CSC8508-2023\EntryPoint/../CSC8503/GameStart.cpp:16:
  In file included from C:\Users\a8038295\source\repos\CSC8508-2023\CSC8503/GameSceneManager.h:3:
  In file included from C:\Users\a8038295\source\repos\CSC8508-2023\CSC8503/LevelManager.h:2:
  In file included from C:\Users\a8038295\source\repos\CSC8508-2023\CSC8503CoreClasses\Level.h:3:
  In file included from C:\Users\a8038295\source\repos\CSC8508-2023\CSC8503CoreClasses/PrisonDoor.h:3:
C:\Users\a8038295\source\repos\CSC8508-2023\CSC8503CoreClasses/../CSC8503/SuspicionSystem/GlobalSuspicionMetre.h(20,9): warning : 'const' is not permitted on a declaration of a type [-Wmissing-declarations]
          const enum instantGlobalSusCause
          ^
C:\Users\a8038295\source\repos\CSC8508-2023\CSC8503CoreClasses/../CSC8503/SuspicionSystem/GlobalSuspicionMetre.h(25,9): warning : 'const' is not permitted on a declaration of a type [-Wmissing-declarations]
          const enum continuousGlobalSusCause
          ^
  In file included from C:\Users\a8038295\source\repos\CSC8508-2023\EntryPoint\main.cpp:1:
  In file included from C:\Users\a8038295\source\repos\CSC8508-2023\EntryPoint/../CSC8503/GameStart.cpp:16:
  In file included from C:\Users\a8038295\source\repos\CSC8508-2023\CSC8503/GameSceneManager.h:3:
  In file included from C:\Users\a8038295\source\repos\CSC8508-2023\CSC8503/LevelManager.h:2:
  In file included from C:\Users\a8038295\source\repos\CSC8508-2023\CSC8503CoreClasses\Level.h:3:
C:\Users\a8038295\source\repos\CSC8508-2023\CSC8503CoreClasses/PrisonDoor.h(16,17): warning : 'UpdateObject' overrides a member function but is not marked 'override' [-Winconsistent-missing-override]
                          virtual void UpdateObject(float dt);
                                       ^
  C:\Users\a8038295\source\repos\CSC8508-2023\CSC8503CoreClasses/GameObject.h(149,16): note: overridden virtual function is here
                  virtual void UpdateObject(float dt);
                               ^
  In file included from C:\Users\a8038295\source\repos\CSC8508-2023\EntryPoint\main.cpp:1:
  In file included from C:\Users\a8038295\source\repos\CSC8508-2023\EntryPoint/../CSC8503/GameStart.cpp:16:
  In file included from C:\Users\a8038295\source\repos\CSC8508-2023\CSC8503/GameSceneManager.h:3:
  In file included from C:\Users\a8038295\source\repos\CSC8508-2023\CSC8503/LevelManager.h:7:
  In file included from C:\Users\a8038295\source\repos\CSC8508-2023\CSC8503/GameTechAGCRenderer.h:6:
  In file included from C:\Users\a8038295\source\repos\CSC8508-2023\CSC8503/../PS5Core/AGCRenderer.h:9:
  In file included from C:\Users\a8038295\source\repos\CSC8508-2023\NCLCoreClasses\RendererBase.h:15:
C:\Users\a8038295\source\repos\CSC8508-2023\NCLCoreClasses/Mesh.h(92,12): warning : enumeration value 'MAX_PRIM' not handled in switch [-Wswitch]
                          switch (GetPrimitiveType()) {
                                  ^~~~~~~~~~~~~~~~~~
C:\Users\a8038295\source\repos\CSC8508-2023\NCLCoreClasses/Mesh.h(109,11): warning : enumeration value 'MAX_PRIM' not handled in switch [-Wswitch]
                          switch(GetPrimitiveType()) {
                                 ^~~~~~~~~~~~~~~~~~
  In file included from C:\Users\a8038295\source\repos\CSC8508-2023\EntryPoint\main.cpp:1:
  In file included from C:\Users\a8038295\source\repos\CSC8508-2023\EntryPoint/../CSC8503/GameStart.cpp:16:
  In file included from C:\Users\a8038295\source\repos\CSC8508-2023\CSC8503/GameSceneManager.h:3:
  In file included from C:\Users\a8038295\source\repos\CSC8508-2023\CSC8503/LevelManager.h:12:
  In file included from C:\Users\a8038295\source\repos\CSC8508-2023\CSC8503/InventoryBuffSystem/InventoryBuffSystem.h:2:
  In file included from C:\Users\a8038295\source\repos\CSC8508-2023\CSC8503/InventoryBuffSystem/PlayerBuffs.h:6:
C:\Users\a8038295\source\repos\CSC8508-2023\CSC8503/InventoryBuffSystem/PlayerInventory.h(15,2): warning : 'const' is not permitted on a declaration of a type [-Wmissing-declarations]
          const enum InventoryEvent
          ^
C:\Users\a8038295\source\repos\CSC8508-2023\CSC8503/InventoryBuffSystem/PlayerInventory.h(37,3): warning : 'const' is not permitted on a declaration of a type [-Wmissing-declarations]
                  const enum item
                  ^
  In file included from C:\Users\a8038295\source\repos\CSC8508-2023\EntryPoint\main.cpp:1:
  In file included from C:\Users\a8038295\source\repos\CSC8508-2023\EntryPoint/../CSC8503/GameStart.cpp:16:
  In file included from C:\Users\a8038295\source\repos\CSC8508-2023\CSC8503/GameSceneManager.h:3:
  In file included from C:\Users\a8038295\source\repos\CSC8508-2023\CSC8503/LevelManager.h:12:
  In file included from C:\Users\a8038295\source\repos\CSC8508-2023\CSC8503/InventoryBuffSystem/InventoryBuffSystem.h:2:
C:\Users\a8038295\source\repos\CSC8508-2023\CSC8503/InventoryBuffSystem/PlayerBuffs.h(11,2): warning : 'const' is not permitted on a declaration of a type [-Wmissing-declarations]
          const enum BuffEvent
          ^
C:\Users\a8038295\source\repos\CSC8508-2023\CSC8503/InventoryBuffSystem/PlayerBuffs.h(26,3): warning : 'const' is not permitted on a declaration of a type [-Wmissing-declarations]
                  const enum buff
                  ^
  In file included from C:\Users\a8038295\source\repos\CSC8508-2023\EntryPoint\main.cpp:1:
  In file included from C:\Users\a8038295\source\repos\CSC8508-2023\EntryPoint/../CSC8503/GameStart.cpp:16:
  In file included from C:\Users\a8038295\source\repos\CSC8508-2023\CSC8503/GameSceneManager.h:3:
  In file included from C:\Users\a8038295\source\repos\CSC8508-2023\CSC8503/LevelManager.h:12:
C:\Users\a8038295\source\repos\CSC8508-2023\CSC8503/InventoryBuffSystem/InventoryBuffSystem.h(33,13): warning : delete called on non-final 'InventoryBuffSystem::PlayerBuffs' that has virtual functions but non-virtual destructor [-Wdelete-non-abstract-non-virtual-dtor]
              delete mPlayerBuffsPtr;
              ^
  In file included from C:\Users\a8038295\source\repos\CSC8508-2023\EntryPoint\main.cpp:1:
  In file included from C:\Users\a8038295\source\repos\CSC8508-2023\EntryPoint/../CSC8503/GameStart.cpp:16:
  In file included from C:\Users\a8038295\source\repos\CSC8508-2023\CSC8503/GameSceneManager.h:3:
  In file included from C:\Users\a8038295\source\repos\CSC8508-2023\CSC8503/LevelManager.h:14:
  In file included from C:\Users\a8038295\source\repos\CSC8508-2023\CSC8503/SuspicionSystem/SuspicionSystem.h:2:
C:\Users\a8038295\source\repos\CSC8508-2023\CSC8503CoreClasses/../CSC8503/SuspicionSystem/LocalSuspicionMetre.h(18,9): warning : 'const' is not permitted on a declaration of a type [-Wmissing-declarations]
          const enum instantLocalSusCause
          ^
C:\Users\a8038295\source\repos\CSC8508-2023\CSC8503CoreClasses/../CSC8503/SuspicionSystem/LocalSuspicionMetre.h(23,9): warning : 'const' is not permitted on a declaration of a type [-Wmissing-declarations]
          const enum activeLocalSusCause
          ^
  In file included from C:\Users\a8038295\source\repos\CSC8508-2023\EntryPoint\main.cpp:1:
  In file included from C:\Users\a8038295\source\repos\CSC8508-2023\EntryPoint/../CSC8503/GameStart.cpp:16:
  In file included from C:\Users\a8038295\source\repos\CSC8508-2023\CSC8503/GameSceneManager.h:3:
  In file included from C:\Users\a8038295\source\repos\CSC8508-2023\CSC8503/LevelManager.h:14:
  In file included from C:\Users\a8038295\source\repos\CSC8508-2023\CSC8503/SuspicionSystem/SuspicionSystem.h:4:
C:\Users\a8038295\source\repos\CSC8508-2023\CSC8503CoreClasses/../CSC8503/SuspicionSystem/LocationBasedSuspicion.h(65,9): warning : 'const' is not permitted on a declaration of a type [-Wmissing-declarations]
          const enum instantLocationSusCause
          ^
C:\Users\a8038295\source\repos\CSC8508-2023\CSC8503CoreClasses/../CSC8503/SuspicionSystem/LocationBasedSuspicion.h(70,9): warning : 'const' is not permitted on a declaration of a type [-Wmissing-declarations]
          const enum activeLocationSusCause
          ^
  In file included from C:\Users\a8038295\source\repos\CSC8508-2023\EntryPoint\main.cpp:1:
  In file included from C:\Users\a8038295\source\repos\CSC8508-2023\EntryPoint/../CSC8503/GameStart.cpp:16:
  In file included from C:\Users\a8038295\source\repos\CSC8508-2023\CSC8503/GameSceneManager.h:3:
  In file included from C:\Users\a8038295\source\repos\CSC8508-2023\CSC8503/LevelManager.h:14:
C:\Users\a8038295\source\repos\CSC8508-2023\CSC8503/SuspicionSystem/SuspicionSystem.h(42,4): warning : delete called on non-final 'SuspicionSystem::LocalSuspicionMetre' that has virtual functions but non-virtual destructor [-Wdelete-non-abstract-non-virtual-dtor]
                          delete mLocalSuspicionMetrePtr;
                          ^
  In file included from C:\Users\a8038295\source\repos\CSC8508-2023\EntryPoint\main.cpp:1:
  In file included from C:\Users\a8038295\source\repos\CSC8508-2023\EntryPoint/../CSC8503/GameStart.cpp:16:
  In file included from C:\Users\a8038295\source\repos\CSC8508-2023\CSC8503/GameSceneManager.h:3:
  In file included from C:\Users\a8038295\source\repos\CSC8508-2023\CSC8503/LevelManager.h:15:
  In file included from C:\Users\a8038295\source\repos\CSC8508-2023\CSC8503/SoundManager.h:5:
  In file included from C:\Users\a8038295\source\repos\CSC8508-2023\CSC8503/../CSC8503CoreClasses/GuardObject.h:3:
C:\Users\a8038295\source\repos\CSC8508-2023\CSC8503CoreClasses/BehaviourSequence.h(12,12): warning : enumeration value 'Initialise' not handled in switch [-Wswitch]
                          switch (nodeState) {
                                  ^~~~~~~~~
  In file included from C:\Users\a8038295\source\repos\CSC8508-2023\EntryPoint\main.cpp:1:
  In file included from C:\Users\a8038295\source\repos\CSC8508-2023\EntryPoint/../CSC8503/GameStart.cpp:16:
  In file included from C:\Users\a8038295\source\repos\CSC8508-2023\CSC8503/GameSceneManager.h:3:
  In file included from C:\Users\a8038295\source\repos\CSC8508-2023\CSC8503/LevelManager.h:15:
  In file included from C:\Users\a8038295\source\repos\CSC8508-2023\CSC8503/SoundManager.h:7:
C:\Users\a8038295\source\repos\CSC8508-2023\CSC8503/../CSC8503CoreClasses/PlayerObject.h(49,17): warning : 'UpdateObject' overrides a member function but is not marked 'override' [-Winconsistent-missing-override]
                          virtual void UpdateObject(float dt);
                                       ^
  C:\Users\a8038295\source\repos\CSC8508-2023\CSC8503CoreClasses/GameObject.h(149,16): note: overridden virtual function is here
                  virtual void UpdateObject(float dt);
                               ^
  In file included from C:\Users\a8038295\source\repos\CSC8508-2023\EntryPoint\main.cpp:1:
  In file included from C:\Users\a8038295\source\repos\CSC8508-2023\EntryPoint/../CSC8503/GameStart.cpp:21:
C:\Users\a8038295\source\repos\CSC8508-2023\CSC8503/../CSC8503CoreClasses/BehaviourSelector.h(12,12): warning : enumeration value 'Initialise' not handled in switch [-Wswitch]
                          switch (nodeState) {
                                  ^~~~~~~~~
  19 warnings generated.
  EntryPoint.vcxproj -> C:\Users\a8038295\source\repos\CSC8508-2023\EntryPoint\Debug\EntryPoint.elf
